2025-07-31 13:31:08 - src.models.train_model - ERROR - train_model.py:57 - Training failed: got an unexpected keyword argument 'squared'
2025-07-31 13:31:08 - src.models.train_model - ERROR - train_model.py:111 - Training pipeline failed: got an unexpected keyword argument 'squared'
2025-07-31 13:35:27 - src.models.train_model - INFO - train_model.py:53 - Training RMSE: 31900.31
2025-07-31 13:35:27 - src.models.train_model - INFO - train_model.py:54 - Training R²: 0.8181
2025-07-31 13:35:27 - src.models.train_model - INFO - train_model.py:94 - Test RMSE: 32399.68
2025-07-31 13:35:27 - src.models.train_model - INFO - train_model.py:95 - Test R²: 0.8459
2025-07-31 13:35:27 - src.models.train_model - INFO - train_model.py:74 - Model saved to models/model_20250731_1335.pkl
2025-07-31 13:35:27 - src.models.train_model - INFO - train_model.py:75 - Scaler saved to models/scaler_20250731_1335.pkl
2025-07-31 14:00:03 - src.models.train_model - INFO - train_model.py:53 - Training RMSE: 31900.31
2025-07-31 14:00:03 - src.models.train_model - INFO - train_model.py:54 - Training R²: 0.8181
2025-07-31 14:00:03 - src.models.train_model - INFO - train_model.py:94 - Test RMSE: 32399.68
2025-07-31 14:00:03 - src.models.train_model - INFO - train_model.py:95 - Test R²: 0.8459
2025-07-31 14:00:03 - src.models.train_model - INFO - train_model.py:74 - Model saved to models/model_20250731_1400.pkl
2025-07-31 14:00:03 - src.models.train_model - INFO - train_model.py:75 - Scaler saved to models/scaler_20250731_1400.pkl
2025-07-31 14:16:53 - src.models.train_model - INFO - train_model.py:53 - Training RMSE: 31900.31
2025-07-31 14:16:53 - src.models.train_model - INFO - train_model.py:54 - Training R²: 0.8181
2025-07-31 14:16:53 - src.models.train_model - INFO - train_model.py:94 - Test RMSE: 32399.68
2025-07-31 14:16:53 - src.models.train_model - INFO - train_model.py:95 - Test R²: 0.8459
2025-07-31 14:16:53 - src.models.train_model - INFO - train_model.py:74 - Model saved to models/model_20250731_1416.pkl
2025-07-31 14:16:53 - src.models.train_model - INFO - train_model.py:75 - Scaler saved to models/scaler_20250731_1416.pkl
2025-07-31 14:18:35 - src.models.train_model - INFO - train_model.py:53 - Training RMSE: 31900.31
2025-07-31 14:18:35 - src.models.train_model - INFO - train_model.py:54 - Training R²: 0.8181
2025-07-31 14:18:35 - src.models.train_model - INFO - train_model.py:94 - Test RMSE: 32399.68
2025-07-31 14:18:35 - src.models.train_model - INFO - train_model.py:95 - Test R²: 0.8459
2025-07-31 14:18:36 - src.models.train_model - INFO - train_model.py:74 - Model saved to models/model_20250731_1418.pkl
2025-07-31 14:18:36 - src.models.train_model - INFO - train_model.py:75 - Scaler saved to models/scaler_20250731_1418.pkl
2025-07-31 14:21:40 - src.models.train_model - INFO - train_model.py:53 - Training RMSE: 31900.31
2025-07-31 14:21:40 - src.models.train_model - INFO - train_model.py:54 - Training R²: 0.8181
2025-07-31 14:21:40 - src.models.train_model - INFO - train_model.py:94 - Test RMSE: 32399.68
2025-07-31 14:21:40 - src.models.train_model - INFO - train_model.py:95 - Test R²: 0.8459
2025-07-31 14:21:40 - src.models.train_model - INFO - train_model.py:74 - Model saved to models/model_20250731_1421.pkl
2025-07-31 14:21:40 - src.models.train_model - INFO - train_model.py:75 - Scaler saved to models/scaler_20250731_1421.pkl
2025-07-31 14:22:49 - src.models.train_model - INFO - train_model.py:53 - Training RMSE: 31900.31
2025-07-31 14:22:49 - src.models.train_model - INFO - train_model.py:54 - Training R²: 0.8181
2025-07-31 14:22:49 - src.models.train_model - INFO - train_model.py:94 - Test RMSE: 32399.68
2025-07-31 14:22:49 - src.models.train_model - INFO - train_model.py:95 - Test R²: 0.8459
2025-07-31 14:22:49 - src.models.train_model - INFO - train_model.py:74 - Model saved to models/model_20250731_1422.pkl
2025-07-31 14:22:49 - src.models.train_model - INFO - train_model.py:75 - Scaler saved to models/scaler_20250731_1422.pkl
2025-07-31 14:33:56 - src.models.train_model - INFO - train_model.py:53 - Training RMSE: 31900.31
2025-07-31 14:33:56 - src.models.train_model - INFO - train_model.py:54 - Training R²: 0.8181
2025-07-31 14:33:56 - src.models.train_model - INFO - train_model.py:94 - Test RMSE: 32399.68
2025-07-31 14:33:56 - src.models.train_model - INFO - train_model.py:95 - Test R²: 0.8459
2025-07-31 14:35:29 - src.models.train_model - INFO - train_model.py:53 - Training RMSE: 31900.31
2025-07-31 14:35:29 - src.models.train_model - INFO - train_model.py:54 - Training R²: 0.8181
2025-07-31 14:35:29 - src.models.train_model - INFO - train_model.py:94 - Test RMSE: 32399.68
2025-07-31 14:35:29 - src.models.train_model - INFO - train_model.py:95 - Test R²: 0.8459
2025-07-31 14:36:47 - src.models.train_model - INFO - train_model.py:53 - Training RMSE: 31900.31
2025-07-31 14:36:47 - src.models.train_model - INFO - train_model.py:54 - Training R²: 0.8181
2025-07-31 14:36:47 - src.models.train_model - INFO - train_model.py:94 - Test RMSE: 32399.68
2025-07-31 14:36:47 - src.models.train_model - INFO - train_model.py:95 - Test R²: 0.8459
2025-07-31 14:37:08 - src.models.train_model - INFO - train_model.py:53 - Training RMSE: 31900.31
2025-07-31 14:37:08 - src.models.train_model - INFO - train_model.py:54 - Training R²: 0.8181
2025-07-31 14:37:08 - src.models.train_model - INFO - train_model.py:94 - Test RMSE: 32399.68
2025-07-31 14:37:08 - src.models.train_model - INFO - train_model.py:95 - Test R²: 0.8459
2025-07-31 14:37:08 - src.models.train_model - INFO - train_model.py:74 - Model saved to models/model_20250731_1437.pkl
2025-07-31 14:37:08 - src.models.train_model - INFO - train_model.py:75 - Scaler saved to models/scaler_20250731_1437.pkl
